<?xml version="1.0" encoding="UTF-8"?>
<testng-results ignored="0" total="2" passed="2" failed="0" skipped="0">
  <reporter-output>
  </reporter-output>
  <suite started-at="2024-02-12T22:26:47 IST" name="Default suite" finished-at="2024-02-12T22:26:54 IST" duration-ms="6988">
    <groups>
    </groups>
    <test started-at="2024-02-12T22:26:47 IST" name="Default test" finished-at="2024-02-12T22:26:54 IST" duration-ms="6988">
      <class name="tests.RegisterTestGrid_1">
        <test-method signature="setUp()[pri:1, instance:tests.RegisterTestGrid_1@7bab3f1a]" started-at="2024-02-12T22:26:47 IST" name="setUp" finished-at="2024-02-12T22:26:50 IST" duration-ms="3239" status="PASS">
          <reporter-output>
          </reporter-output>
        </test-method> <!-- setUp -->
        <test-method is-config="true" signature="tearDown()[pri:0, instance:tests.RegisterTestGrid_1@7bab3f1a]" started-at="2024-02-12T22:26:50 IST" name="tearDown" finished-at="2024-02-12T22:26:50 IST" duration-ms="1" status="PASS">
          <reporter-output>
          </reporter-output>
        </test-method> <!-- tearDown -->
        <test-method signature="testRegistration()[pri:2, instance:tests.RegisterTestGrid_1@7bab3f1a]" started-at="2024-02-12T22:26:50 IST" name="testRegistration" finished-at="2024-02-12T22:26:54 IST" duration-ms="3708" status="PASS">
          <reporter-output>
          </reporter-output>
        </test-method> <!-- testRegistration -->
        <test-method is-config="true" signature="tearDown()[pri:0, instance:tests.RegisterTestGrid_1@7bab3f1a]" started-at="2024-02-12T22:26:54 IST" name="tearDown" finished-at="2024-02-12T22:26:54 IST" duration-ms="0" status="PASS">
          <reporter-output>
          </reporter-output>
        </test-method> <!-- tearDown -->
      </class> <!-- tests.RegisterTestGrid_1 -->
    </test> <!-- Default test -->
  </suite> <!-- Default suite -->
</testng-results>
