<?xml version="1.0" encoding="UTF-8"?>
<testng-results ignored="0" total="1" passed="1" failed="0" skipped="0">
  <reporter-output>
  </reporter-output>
  <suite started-at="2024-02-09T10:29:34 IST" name="Default suite" finished-at="2024-02-09T10:29:44 IST" duration-ms="10671">
    <groups>
    </groups>
    <test started-at="2024-02-09T10:29:34 IST" name="Default test" finished-at="2024-02-09T10:29:44 IST" duration-ms="10671">
      <class name="pages.LoginTest">
        <test-method is-config="true" signature="setUp()[pri:0, instance:pages.LoginTest@54bff557]" started-at="2024-02-09T10:29:34 IST" name="setUp" finished-at="2024-02-09T10:29:37 IST" duration-ms="3135" status="PASS">
          <reporter-output>
          </reporter-output>
        </test-method> <!-- setUp -->
        <test-method signature="testLogin()[pri:0, instance:pages.LoginTest@54bff557]" started-at="2024-02-09T10:29:37 IST" name="testLogin" finished-at="2024-02-09T10:29:44 IST" duration-ms="7498" status="PASS">
          <reporter-output>
          </reporter-output>
        </test-method> <!-- testLogin -->
        <test-method is-config="true" signature="tearDown()[pri:0, instance:pages.LoginTest@54bff557]" started-at="2024-02-09T10:29:44 IST" name="tearDown" finished-at="2024-02-09T10:29:44 IST" duration-ms="0" status="PASS">
          <reporter-output>
          </reporter-output>
        </test-method> <!-- tearDown -->
      </class> <!-- pages.LoginTest -->
    </test> <!-- Default test -->
  </suite> <!-- Default suite -->
</testng-results>
